<?xml version="1.0" encoding="UTF-8"?>
<!-- Generated by org.testng.reporters.JUnitReportReporter -->
<testsuite hostname="DESKTOP-DK3OC0E" failures="0" tests="3" name="sajamaven.Mavensaja.SeleniumTest" time="0.008" errors="0" timestamp="2022-02-19T20:48:13 EET" skipped="0">
  <testcase classname="sajamaven.Mavensaja.SeleniumTest" name="seleiumCase3" time="0.002"/>
  <system-out/>
  <testcase classname="sajamaven.Mavensaja.SeleniumTest" name="seleiumCase1" time="0.002"/>
  <system-out/>
  <testcase classname="sajamaven.Mavensaja.SeleniumTest" name="seleiumCase2" time="0.004"/>
  <system-out/>
</testsuite> <!-- sajamaven.Mavensaja.SeleniumTest -->
