<?xml version="1.0" encoding="UTF-8"?>
<!-- Generated by org.testng.reporters.JUnitReportReporter -->
<testsuite hostname="DESKTOP-DK3OC0E" failures="0" tests="1" name="NewTest" time="0.005" errors="0" timestamp="2022-02-19T20:48:29 EET" skipped="0">
  <testcase classname="NewTest" name="f" time="0.005"/>
  <system-out/>
</testsuite> <!-- NewTest -->
