<?xml version="1.0" encoding="UTF-8"?>
<!-- Generated by org.testng.reporters.JUnitReportReporter -->
<testsuite hostname="DESKTOP-DK3OC0E" failures="0" tests="2" name="sajamaven.Mavensaja.AppiumTest" time="0.000" errors="0" timestamp="2022-02-19T20:48:29 EET" skipped="0">
  <testcase classname="sajamaven.Mavensaja.AppiumTest" name="AppiumCase1" time="0.000"/>
  <system-out/>
  <testcase classname="sajamaven.Mavensaja.AppiumTest" name="AppiumCase2" time="0.000"/>
  <system-out/>
</testsuite> <!-- sajamaven.Mavensaja.AppiumTest -->
